<?xml version="1.0" encoding="UTF-8"?>
<!-- Generated by org.testng.reporters.JUnitXMLReporter -->
<testsuite ignored="1" hostname="QSP" failures="0" tests="4" name="Default test" time="0.151" errors="0" timestamp="2022-07-22T18:35:22 IST">
  <testcase classname="testng.Test1" name="chats" time="0.021"/>
  <testcase classname="testng.Test1" name="calls" time="0.003"/>
  <testcase classname="testng.Test1" name="calls" time="0.002"/>
  <testcase classname="testng.Test1" name="calls" time="0.002"/>
  <testcase classname="testng.Test1" name="settings" time="0.0">
    <ignored/>
  </testcase> <!-- settings -->
</testsuite> <!-- Default test -->
