<?xml version="1.0" encoding="UTF-8"?>
<testng-results ignored="1" total="5" passed="4" failed="0" skipped="0">
  <reporter-output>
    <line>
      <![CDATA[chtas]]>
    </line>
    <line>
      <![CDATA[calls]]>
    </line>
    <line>
      <![CDATA[calls]]>
    </line>
    <line>
      <![CDATA[calls]]>
    </line>
  </reporter-output>
  <suite started-at="2022-07-22T18:35:21 IST" name="Default suite" finished-at="2022-07-22T18:35:22 IST" duration-ms="151">
    <groups>
    </groups>
    <test started-at="2022-07-22T18:35:21 IST" name="Default test" finished-at="2022-07-22T18:35:22 IST" duration-ms="151">
      <class name="testng.Test1">
        <test-method signature="chats()[pri:-1, instance:testng.Test1@672872e1]" started-at="2022-07-22T18:35:22 IST" name="chats" finished-at="2022-07-22T18:35:22 IST" duration-ms="21" status="PASS">
          <reporter-output>
            <line>
              <![CDATA[chtas]]>
            </line>
          </reporter-output>
        </test-method> <!-- chats -->
        <test-method signature="calls()[pri:1, instance:testng.Test1@672872e1]" started-at="2022-07-22T18:35:22 IST" name="calls" finished-at="2022-07-22T18:35:22 IST" duration-ms="3" status="PASS">
          <reporter-output>
            <line>
              <![CDATA[calls]]>
            </line>
          </reporter-output>
        </test-method> <!-- calls -->
        <test-method signature="calls()[pri:1, instance:testng.Test1@672872e1]" started-at="2022-07-22T18:35:22 IST" name="calls" finished-at="2022-07-22T18:35:22 IST" duration-ms="2" status="PASS">
          <reporter-output>
            <line>
              <![CDATA[calls]]>
            </line>
          </reporter-output>
        </test-method> <!-- calls -->
        <test-method signature="calls()[pri:1, instance:testng.Test1@672872e1]" started-at="2022-07-22T18:35:22 IST" name="calls" finished-at="2022-07-22T18:35:22 IST" duration-ms="2" status="PASS">
          <reporter-output>
            <line>
              <![CDATA[calls]]>
            </line>
          </reporter-output>
        </test-method> <!-- calls -->
      </class> <!-- testng.Test1 -->
    </test> <!-- Default test -->
  </suite> <!-- Default suite -->
</testng-results>
